2024-12-16 10:19:09 [INFO] Chromedriver is already installed.
2024-12-16 10:19:22 [INFO] 🔄 Starting Selenium login process...
2024-12-16 10:19:23 [INFO] ✅ Cookies accepted successfully.
2024-12-16 10:19:24 [INFO] ✅ Selected university: Brno University of Technology.
2024-12-16 10:19:25 [INFO] ✅ Clicked 'Check access' button.
2024-12-16 10:19:25 [INFO] ✅ Username entered successfully.
2024-12-16 10:19:26 [INFO] ✅ Password entered successfully.
2024-12-16 10:19:27 [INFO] ✅ Login form submitted.
2024-12-16 10:19:32 [INFO] 🎉 Login successful!
2024-12-16 10:19:32 [INFO] Login successful.
2024-12-16 10:19:42 [INFO] 🔍 Searching for topics related to: "czechia"...
2024-12-16 10:19:42 [INFO]    Checking page: https://www.statista.com/topics/
2024-12-16 10:19:43 [INFO]    Checking page: https://www.statista.com/topics/p/2/
2024-12-16 10:19:43 [INFO]    Checking page: https://www.statista.com/topics/p/3/
2024-12-16 10:19:44 [INFO]    Checking page: https://www.statista.com/topics/p/4/
2024-12-16 10:19:44 [INFO]    Checking page: https://www.statista.com/topics/p/5/
2024-12-16 10:19:45 [INFO]    Checking page: https://www.statista.com/topics/p/6/
2024-12-16 10:19:46 [INFO]    Checking page: https://www.statista.com/topics/p/7/
2024-12-16 10:19:46 [INFO]    Checking page: https://www.statista.com/topics/p/8/
2024-12-16 10:19:47 [INFO]    Checking page: https://www.statista.com/topics/p/9/
2024-12-16 10:19:47 [INFO]    Checking page: https://www.statista.com/topics/p/10/
2024-12-16 10:19:48 [INFO]    Checking page: https://www.statista.com/topics/p/11/
2024-12-16 10:19:49 [INFO]    Checking page: https://www.statista.com/topics/p/12/
2024-12-16 10:19:49 [INFO]    Checking page: https://www.statista.com/topics/p/13/
2024-12-16 10:19:50 [INFO]    Checking page: https://www.statista.com/topics/p/14/
2024-12-16 10:19:50 [INFO]    Checking page: https://www.statista.com/topics/p/15/
2024-12-16 10:19:51 [INFO]    Checking page: https://www.statista.com/topics/p/16/
2024-12-16 10:19:52 [INFO]    Checking page: https://www.statista.com/topics/p/17/
2024-12-16 10:19:52 [INFO]    Checking page: https://www.statista.com/topics/p/18/
2024-12-16 10:19:53 [INFO]    Checking page: https://www.statista.com/topics/p/19/
2024-12-16 10:19:54 [INFO]    Checking page: https://www.statista.com/topics/p/20/
2024-12-16 10:19:54 [INFO]    Checking page: https://www.statista.com/topics/p/21/
2024-12-16 10:19:55 [INFO]    Checking page: https://www.statista.com/topics/p/22/
2024-12-16 10:19:56 [INFO]    Checking page: https://www.statista.com/topics/p/23/
2024-12-16 10:19:56 [INFO]    Checking page: https://www.statista.com/topics/p/24/
2024-12-16 10:19:57 [INFO]    Checking page: https://www.statista.com/topics/p/25/
2024-12-16 10:19:57 [INFO]    Checking page: https://www.statista.com/topics/p/26/
2024-12-16 10:19:58 [INFO]    Checking page: https://www.statista.com/topics/p/27/
2024-12-16 10:19:58 [INFO]    Checking page: https://www.statista.com/topics/p/28/
2024-12-16 10:19:59 [INFO]    ⚠️ No topics found on this page. Reached the end of pagination.
2024-12-16 10:19:59 [INFO] 
Found the following topics:
2024-12-16 10:19:59 [INFO] [1] Advertising in Czechia
2024-12-16 10:19:59 [INFO] [2] Beer market in Czechia
2024-12-16 10:19:59 [INFO] [3] Czechia
2024-12-16 10:19:59 [INFO] [4] Demographics of Czechia
2024-12-16 10:19:59 [INFO] [5] Digital payments in Czechia
2024-12-16 10:19:59 [INFO] [6] E-commerce in Czechia
2024-12-16 10:19:59 [INFO] [7] Economy of Czechia
2024-12-16 10:19:59 [INFO] [8] Energy sector in Czechia
2024-12-16 10:19:59 [INFO] [9] FMCG market in Czechia
2024-12-16 10:19:59 [INFO] [10] Healthcare in Czechia
2024-12-16 10:19:59 [INFO] [11] Internet usage in Czechia
2024-12-16 10:19:59 [INFO] [12] Retail market and trade in Czechia
2024-12-16 10:19:59 [INFO] [13] Social media in Czechia
2024-12-16 10:19:59 [INFO] [14] Telecommunications industry in Czechia
2024-12-16 10:19:59 [INFO] [15] Transportation industry in Czechia
2024-12-16 10:19:59 [INFO] [16] Travel and tourism in Czechia
2024-12-16 10:19:59 [INFO] [17] Select all
2024-12-16 10:19:59 [INFO] Found 16 topics for 'czechia'.
2024-12-16 10:20:02 [INFO] Selected topic: Beer market in Czechia
2024-12-16 10:20:02 [INFO] Analyzing files to be downloaded for topic: https://www.statista.com/topics/11436/beer-market-in-czechia/
